<?xml version="1.0" encoding="UTF-8"?>
<testng-results ignored="0" total="1" passed="1" failed="0" skipped="0">
  <reporter-output>
  </reporter-output>
  <suite started-at="2025-01-25T20:47:31 IST" name="Default suite" finished-at="2025-01-25T20:47:38 IST" duration-ms="7140">
    <groups>
    </groups>
    <test started-at="2025-01-25T20:47:31 IST" name="Default test" finished-at="2025-01-25T20:47:38 IST" duration-ms="7140">
      <class name="Part3.JSONFileCall">
        <test-method signature="Jsondirectcall()[pri:0, instance:Part3.JSONFileCall@223d2c72]" started-at="2025-01-25T20:47:31 IST" name="Jsondirectcall" finished-at="2025-01-25T20:47:38 IST" duration-ms="7080" status="PASS">
          <reporter-output>
          </reporter-output>
        </test-method> <!-- Jsondirectcall -->
      </class> <!-- Part3.JSONFileCall -->
    </test> <!-- Default test -->
  </suite> <!-- Default suite -->
</testng-results>
